<?xml version="1.0" encoding="UTF-8"?>
<!-- Generated by org.testng.reporters.JUnitXMLReporter -->
<testsuite ignored="0" hostname="DESKTOP-OOQF253" failures="0" tests="8" name="Default test" time="47.645" errors="0" timestamp="2022-11-09T20:27:53 IST">
  <testcase classname="rahulShettyAcademy.APITesting" name="loginAPITest" time="5.578"/>
  <testcase classname="rahulShettyAcademy.APITesting" name="createItemAPITest" time="5.525"/>
  <testcase classname="rahulShettyAcademy.APITesting" name="addToCart" time="13.652"/>
  <testcase classname="rahulShettyAcademy.APITesting" name="buyNow" time="2.185"/>
  <testcase classname="rahulShettyAcademy.APITesting" name="createOrder" time="1.627"/>
  <testcase classname="rahulShettyAcademy.APITesting" name="deleteOrder" time="0.812"/>
  <testcase classname="rahulShettyAcademy.APITesting" name="deleteCartItem" time="1.081"/>
  <testcase classname="rahulShettyAcademy.APITesting" name="deleteItemAPITest" time="0.835"/>
</testsuite> <!-- Default test -->
