<?xml version="1.0" encoding="UTF-8"?>
<testng-results ignored="0" total="8" passed="8" failed="0" skipped="0">
  <reporter-output>
  </reporter-output>
  <suite started-at="2022-11-09T20:27:05 IST" name="Default suite" finished-at="2022-11-09T20:27:53 IST" duration-ms="47645">
    <groups>
    </groups>
    <test started-at="2022-11-09T20:27:05 IST" name="Default test" finished-at="2022-11-09T20:27:53 IST" duration-ms="47645">
      <class name="rahulShettyAcademy.APITesting">
        <test-method signature="loginAPITest()[pri:1, instance:rahulShettyAcademy.APITesting@222545dc]" started-at="2022-11-09T20:27:05 IST" name="loginAPITest" finished-at="2022-11-09T20:27:11 IST" duration-ms="5578" status="PASS">
          <reporter-output>
          </reporter-output>
        </test-method> <!-- loginAPITest -->
        <test-method signature="createItemAPITest()[pri:2, instance:rahulShettyAcademy.APITesting@222545dc]" started-at="2022-11-09T20:27:11 IST" name="createItemAPITest" finished-at="2022-11-09T20:27:16 IST" duration-ms="5525" status="PASS">
          <reporter-output>
          </reporter-output>
        </test-method> <!-- createItemAPITest -->
        <test-method signature="addToCart()[pri:3, instance:rahulShettyAcademy.APITesting@222545dc]" started-at="2022-11-09T20:27:16 IST" name="addToCart" finished-at="2022-11-09T20:27:30 IST" duration-ms="13652" status="PASS">
          <reporter-output>
          </reporter-output>
        </test-method> <!-- addToCart -->
        <test-method signature="buyNow()[pri:0, instance:rahulShettyAcademy.APITesting@222545dc]" started-at="2022-11-09T20:27:30 IST" name="buyNow" finished-at="2022-11-09T20:27:32 IST" depends-on-methods="rahulShettyAcademy.APITesting.addToCart" duration-ms="2185" status="PASS">
          <reporter-output>
          </reporter-output>
        </test-method> <!-- buyNow -->
        <test-method signature="createOrder()[pri:0, instance:rahulShettyAcademy.APITesting@222545dc]" started-at="2022-11-09T20:27:32 IST" name="createOrder" finished-at="2022-11-09T20:27:34 IST" depends-on-methods="rahulShettyAcademy.APITesting.buyNow" duration-ms="1627" status="PASS">
          <reporter-output>
          </reporter-output>
        </test-method> <!-- createOrder -->
        <test-method signature="deleteOrder()[pri:0, instance:rahulShettyAcademy.APITesting@222545dc]" started-at="2022-11-09T20:27:34 IST" name="deleteOrder" finished-at="2022-11-09T20:27:35 IST" depends-on-methods="rahulShettyAcademy.APITesting.createOrder" duration-ms="812" status="PASS">
          <reporter-output>
          </reporter-output>
        </test-method> <!-- deleteOrder -->
        <test-method signature="deleteCartItem()[pri:0, instance:rahulShettyAcademy.APITesting@222545dc]" started-at="2022-11-09T20:27:35 IST" name="deleteCartItem" finished-at="2022-11-09T20:27:36 IST" depends-on-methods="rahulShettyAcademy.APITesting.deleteOrder" duration-ms="1081" status="PASS">
          <reporter-output>
          </reporter-output>
        </test-method> <!-- deleteCartItem -->
        <test-method signature="deleteItemAPITest()[pri:0, instance:rahulShettyAcademy.APITesting@222545dc]" started-at="2022-11-09T20:27:36 IST" name="deleteItemAPITest" finished-at="2022-11-09T20:27:36 IST" depends-on-methods="rahulShettyAcademy.APITesting.deleteCartItem" duration-ms="835" status="PASS">
          <reporter-output>
          </reporter-output>
        </test-method> <!-- deleteItemAPITest -->
        <test-method is-config="true" signature="tearDown()[pri:0, instance:rahulShettyAcademy.APITesting@222545dc]" started-at="2022-11-09T20:27:36 IST" name="tearDown" finished-at="2022-11-09T20:27:53 IST" duration-ms="16269" status="PASS">
          <reporter-output>
          </reporter-output>
        </test-method> <!-- tearDown -->
      </class> <!-- rahulShettyAcademy.APITesting -->
    </test> <!-- Default test -->
  </suite> <!-- Default suite -->
</testng-results>
